<?xml version="1.0" encoding="UTF-8"?>
<!-- Generated by org.testng.reporters.JUnitXMLReporter -->
<testsuite ignored="2" hostname="DESKTOP-GQF88TO" failures="0" tests="1" name="test2" time="4.273" errors="0" timestamp="2023-10-18T07:21:17 IST">
  <testcase classname="Maven.zdn.TestClass" name="logInTest" time="0.0">
    <skipped/>
  </testcase> <!-- logInTest -->
  <testcase classname="Maven.zdn.TestClass" name="frameTest" time="0.0">
    <ignored/>
  </testcase> <!-- frameTest -->
  <testcase classname="Maven.zdn.TestClass" name="signUpTest" time="0.0">
    <ignored/>
  </testcase> <!-- signUpTest -->
</testsuite> <!-- test2 -->
