<?xml version="1.0" encoding="UTF-8"?>
<!-- Generated by org.testng.reporters.JUnitXMLReporter -->
<testsuite ignored="2" hostname="DESKTOP-GQF88TO" failures="0" tests="1" name="test3" time="19.216" errors="0" timestamp="2023-10-18T07:21:37 IST">
  <testcase classname="Maven.zdn.TestClass" name="frameTest" time="17.552"/>
  <testcase classname="Maven.zdn.TestClass" name="logInTest" time="0.0">
    <ignored/>
  </testcase> <!-- logInTest -->
  <testcase classname="Maven.zdn.TestClass" name="signUpTest" time="0.0">
    <ignored/>
  </testcase> <!-- signUpTest -->
</testsuite> <!-- test3 -->
